<?xml version="1.0" encoding="UTF-8"?>
<!-- Generated by org.testng.reporters.JUnitReportReporter -->
<testsuite hostname="DESKTOP-NQ83CF5" failures="0" tests="4" name="triggertesting.trigtests" time="0.184" errors="0" timestamp="2024-04-03T16:29:37 IST" skipped="0">
  <testcase classname="triggertesting.trigtests" name="test_TotalCapacityUpdate" time="0.109"/>
  <testcase classname="triggertesting.trigtests" name="test_TotalCapacityInsertion" time="0.027"/>
  <testcase classname="triggertesting.trigtests" name="test_TriggerExecutionOrder" time="0.025"/>
  <testcase classname="triggertesting.trigtests" name="test_TriggerBehaviorWithMultipleWorkCenters" time="0.023"/>
</testsuite> <!-- triggertesting.trigtests -->
