<?xml version="1.0" encoding="UTF-8"?>
<!-- Generated by org.testng.reporters.JUnitReportReporter -->
<testsuite hostname="DESKTOP-NQ83CF5" failures="0" tests="7" name="schemaTesting.SchemaTests" time="0.319" errors="0" timestamp="2024-04-03T17:35:56 IST" skipped="0">
  <testcase classname="schemaTesting.SchemaTests" name="test_TablePresenceInDatabase" time="0.256"/>
  <testcase classname="schemaTesting.SchemaTests" name="test_CheckNnumberofcolumnsinatable" time="0.025"/>
  <testcase classname="schemaTesting.SchemaTests" name="test_CheckColumnNamesInATable" time="0.007"/>
  <testcase classname="schemaTesting.SchemaTests" name="test_CheckDataTypeOfColumnsInTable" time="0.011"/>
  <testcase classname="schemaTesting.SchemaTests" name="test_checkSizeOfTheColumnsInATable" time="0.007"/>
  <testcase classname="schemaTesting.SchemaTests" name="test_CheckNullsFieldInATable" time="0.005"/>
  <testcase classname="schemaTesting.SchemaTests" name="test_CheckColumnKeysInATable" time="0.008"/>
</testsuite> <!-- schemaTesting.SchemaTests -->
